-------------------------------------------------------------------------------
Test set: com.boot.bookingrestaurantapi.BookingRestaurantApiApplicationTests
-------------------------------------------------------------------------------
Tests run: 3, Failures: 0, Errors: 3, Skipped: 0, Time elapsed: 0.166 s <<< FAILURE! - in com.boot.bookingrestaurantapi.BookingRestaurantApiApplicationTests
initializationError(com.boot.bookingrestaurantapi.BookingRestaurantApiApplicationTests)  Time elapsed: 0.023 s  <<< ERROR!
java.lang.Exception: The class com.boot.bookingrestaurantapi.BookingRestaurantApiApplicationTests is not public.

initializationError(com.boot.bookingrestaurantapi.BookingRestaurantApiApplicationTests)  Time elapsed: 0 s  <<< ERROR!
java.lang.Exception: Test class should have exactly one public constructor

initializationError(com.boot.bookingrestaurantapi.BookingRestaurantApiApplicationTests)  Time elapsed: 0 s  <<< ERROR!
java.lang.Exception: Method contextLoads() should be public

